Using pre-set license
Built from '2020.3/staging' branch; Version is '2020.3.4f1 (0abb6314276a) revision 703331'; Using compiler version '192528614'; Build Type 'Release'
OS: 'Windows 10 Home; OS build 19042.1083; Version 2009; 64bit' Language: 'en' Physical Memory: 16322 MB
BatchMode: 1, IsHumanControllingUs: 0, StartBugReporterOnCrash: 0, Is64bit: 1, IsPro: 0

 COMMAND LINE ARGUMENTS:
D:\SpelD\Unity\Editor\2020.3.4f1\Editor\Unity.exe
-adb2
-batchMode
-noUpm
-name
AssetImportWorker0
-projectPath
D:/SpelD/Unity/Projects/MiniGames/Lofty Cogs
-logFile
Logs/AssetImportWorker0.log
-srvPort
61114
Successfully changed project path to: D:/SpelD/Unity/Projects/MiniGames/Lofty Cogs
D:/SpelD/Unity/Projects/MiniGames/Lofty Cogs
Using Asset Import Pipeline V2.
Refreshing native plugins compatible for Editor in 63.27 ms, found 1 plugins.
Preloading 0 native plugins for Editor in 0.00 ms.
Initialize engine version: 2020.3.4f1 (0abb6314276a)
[Subsystems] Discovering subsystems at path D:/SpelD/Unity/Editor/2020.3.4f1/Editor/Data/Resources/UnitySubsystems
[Subsystems] Discovering subsystems at path D:/SpelD/Unity/Projects/MiniGames/Lofty Cogs/Assets
GfxDevice: creating device client; threaded=0
Direct3D:
    Version:  Direct3D 11.0 [level 11.1]
    Renderer: NVIDIA GeForce GTX 980M (ID=0x1617)
    Vendor:   
    VRAM:     4053 MB
    Driver:   30.0.14.7111
Shader 'Universal Render Pipeline/Particles/Lit': fallback shader 'Universal Render Pipeline/Particles/SimpleLit' not found
Initialize mono
Mono path[0] = 'D:/SpelD/Unity/Editor/2020.3.4f1/Editor/Data/Managed'
Mono path[1] = 'D:/SpelD/Unity/Editor/2020.3.4f1/Editor/Data/MonoBleedingEdge/lib/mono/unityjit'
Mono config path = 'D:/SpelD/Unity/Editor/2020.3.4f1/Editor/Data/MonoBleedingEdge/etc'
Using monoOptions --debugger-agent=transport=dt_socket,embedding=1,server=y,suspend=n,address=127.0.0.1:56836
Begin MonoManager ReloadAssembly
Registering precompiled unity dll's ...
Register platform support module: D:/SpelD/Unity/Editor/2020.3.4f1/Editor/Data/PlaybackEngines/WebGLSupport/UnityEditor.WebGL.Extensions.dll
Register platform support module: D:/SpelD/Unity/Editor/2020.3.4f1/Editor/Data/PlaybackEngines/WindowsStandaloneSupport/UnityEditor.WindowsStandalone.Extensions.dll
Registered in 0.003531 seconds.
Native extension for WindowsStandalone target not found
Native extension for WebGL target not found
Refreshing native plugins compatible for Editor in 64.25 ms, found 1 plugins.
Preloading 0 native plugins for Editor in 0.00 ms.
Mono: successfully reloaded assembly
- Completed reload, in  1.656 seconds
Platform modules already initialized, skipping
Registering precompiled user dll's ...
Registered in 0.001766 seconds.
Begin MonoManager ReloadAssembly
Native extension for WindowsStandalone target not found
Native extension for WebGL target not found
Refreshing native plugins compatible for Editor in 80.80 ms, found 1 plugins.
Preloading 0 native plugins for Editor in 0.00 ms.
Mono: successfully reloaded assembly
- Completed reload, in  1.360 seconds
Platform modules already initialized, skipping
========================================================================
Worker process is ready to serve import requests
Shader 'Universal Render Pipeline/Particles/Lit': fallback shader 'Universal Render Pipeline/Particles/SimpleLit' not found
Launched and connected shader compiler UnityShaderCompiler.exe after 0.07 seconds
Refreshing native plugins compatible for Editor in 0.55 ms, found 1 plugins.
Preloading 0 native plugins for Editor in 0.00 ms.
Unloading 2962 Unused Serialized files (Serialized files now loaded: 0)
System memory in use before: 130.7 MB.
System memory in use after: 130.7 MB.

Unloading 25 unused Assets to reduce memory usage. Loaded Objects now: 3404.
Total: 3.769600 ms (FindLiveObjects: 0.529200 ms CreateObjectMapping: 0.325200 ms MarkObjects: 2.734000 ms  DeleteObjects: 0.180000 ms)

========================================================================
Received Import Request.
  path: Assets/Scenes/Level1/Level1Part1.unity
  artifactKey: Guid(2cda990e2423bbf4892e6590ba056729) Importer(815301076,1909f56bfc062723c751e8b465ee728b)
Start importing Assets/Scenes/Level1/Level1Part1.unity using Guid(2cda990e2423bbf4892e6590ba056729) Importer(815301076,1909f56bfc062723c751e8b465ee728b)  -> (artifact id: '10f9bf7788e447a6cf020b39510bb778') in 0.024973 seconds
  Import took 0.031362 seconds .

========================================================================
Received Prepare
Shader 'Universal Render Pipeline/Particles/Lit': fallback shader 'Universal Render Pipeline/Particles/SimpleLit' not found
Refreshing native plugins compatible for Editor in 2.39 ms, found 1 plugins.
Preloading 0 native plugins for Editor in 0.00 ms.
Unloading 11 Unused Serialized files (Serialized files now loaded: 0)
System memory in use before: 67.5 MB.
System memory in use after: 67.6 MB.

Unloading 11 unused Assets to reduce memory usage. Loaded Objects now: 3404.
Total: 3.695300 ms (FindLiveObjects: 0.312400 ms CreateObjectMapping: 0.169700 ms MarkObjects: 3.009600 ms  DeleteObjects: 0.202500 ms)

========================================================================
Received Prepare
Registering precompiled user dll's ...
Registered in 0.001917 seconds.
Begin MonoManager ReloadAssembly
Native extension for WindowsStandalone target not found
Native extension for WebGL target not found
Refreshing native plugins compatible for Editor in 0.54 ms, found 1 plugins.
Preloading 0 native plugins for Editor in 0.00 ms.
Mono: successfully reloaded assembly
- Completed reload, in  1.163 seconds
Platform modules already initialized, skipping
Shader 'Universal Render Pipeline/Particles/Lit': fallback shader 'Universal Render Pipeline/Particles/SimpleLit' not found
Refreshing native plugins compatible for Editor in 0.60 ms, found 1 plugins.
Preloading 0 native plugins for Editor in 0.00 ms.
Unloading 2853 Unused Serialized files (Serialized files now loaded: 0)
System memory in use before: 123.8 MB.
System memory in use after: 123.9 MB.

Unloading 13 unused Assets to reduce memory usage. Loaded Objects now: 3408.
Total: 4.290700 ms (FindLiveObjects: 0.658000 ms CreateObjectMapping: 0.401500 ms MarkObjects: 3.077900 ms  DeleteObjects: 0.151800 ms)

========================================================================
Received Prepare
Registering precompiled user dll's ...
Registered in 0.002139 seconds.
Begin MonoManager ReloadAssembly
Native extension for WindowsStandalone target not found
Native extension for WebGL target not found
Refreshing native plugins compatible for Editor in 0.54 ms, found 1 plugins.
Preloading 0 native plugins for Editor in 0.00 ms.
Mono: successfully reloaded assembly
- Completed reload, in  1.208 seconds
Platform modules already initialized, skipping
Shader 'Universal Render Pipeline/Particles/Lit': fallback shader 'Universal Render Pipeline/Particles/SimpleLit' not found
Refreshing native plugins compatible for Editor in 1.03 ms, found 1 plugins.
Preloading 0 native plugins for Editor in 0.00 ms.
Unloading 2853 Unused Serialized files (Serialized files now loaded: 0)
System memory in use before: 123.8 MB.
System memory in use after: 123.9 MB.

Unloading 13 unused Assets to reduce memory usage. Loaded Objects now: 3412.
Total: 5.746000 ms (FindLiveObjects: 0.601000 ms CreateObjectMapping: 0.313300 ms MarkObjects: 4.589900 ms  DeleteObjects: 0.239700 ms)

========================================================================
Received Prepare
Registering precompiled user dll's ...
Registered in 0.002328 seconds.
Begin MonoManager ReloadAssembly
Native extension for WindowsStandalone target not found
Native extension for WebGL target not found
Refreshing native plugins compatible for Editor in 0.53 ms, found 1 plugins.
Preloading 0 native plugins for Editor in 0.00 ms.
Mono: successfully reloaded assembly
- Completed reload, in  1.122 seconds
Platform modules already initialized, skipping
Shader 'Universal Render Pipeline/Particles/Lit': fallback shader 'Universal Render Pipeline/Particles/SimpleLit' not found
Refreshing native plugins compatible for Editor in 0.58 ms, found 1 plugins.
Preloading 0 native plugins for Editor in 0.00 ms.
Unloading 2853 Unused Serialized files (Serialized files now loaded: 0)
System memory in use before: 123.9 MB.
System memory in use after: 124.0 MB.

Unloading 13 unused Assets to reduce memory usage. Loaded Objects now: 3416.
Total: 3.187100 ms (FindLiveObjects: 0.497600 ms CreateObjectMapping: 0.112000 ms MarkObjects: 2.371600 ms  DeleteObjects: 0.204900 ms)

========================================================================
Received Import Request.
  Time since last request: 14136.858560 seconds.
  path: Assets/Scripts/ScriptableObjects/Pickup.cs
  artifactKey: Guid(58b5470229076df46b5479fa6114010b) Importer(815301076,1909f56bfc062723c751e8b465ee728b)
Start importing Assets/Scripts/ScriptableObjects/Pickup.cs using Guid(58b5470229076df46b5479fa6114010b) Importer(815301076,1909f56bfc062723c751e8b465ee728b)  -> (artifact id: '7d2d8eed0b9ded545e5b83555221a116') in 0.069189 seconds
  Import took 0.076387 seconds .

========================================================================
Received Prepare
Registering precompiled user dll's ...
Registered in 0.072557 seconds.
Begin MonoManager ReloadAssembly
Native extension for WindowsStandalone target not found
Native extension for WebGL target not found
Refreshing native plugins compatible for Editor in 0.71 ms, found 1 plugins.
Preloading 0 native plugins for Editor in 0.00 ms.
Mono: successfully reloaded assembly
- Completed reload, in  1.106 seconds
Platform modules already initialized, skipping
Shader 'Universal Render Pipeline/Particles/Lit': fallback shader 'Universal Render Pipeline/Particles/SimpleLit' not found
Refreshing native plugins compatible for Editor in 0.59 ms, found 1 plugins.
Preloading 0 native plugins for Editor in 0.00 ms.
Unloading 2854 Unused Serialized files (Serialized files now loaded: 0)
System memory in use before: 123.9 MB.
System memory in use after: 124.0 MB.

Unloading 13 unused Assets to reduce memory usage. Loaded Objects now: 3421.
Total: 4.158700 ms (FindLiveObjects: 0.349100 ms CreateObjectMapping: 0.187600 ms MarkObjects: 3.402200 ms  DeleteObjects: 0.218700 ms)

========================================================================
Received Prepare
Registering precompiled user dll's ...
Registered in 0.001791 seconds.
Begin MonoManager ReloadAssembly
Native extension for WindowsStandalone target not found
Native extension for WebGL target not found
Refreshing native plugins compatible for Editor in 0.53 ms, found 1 plugins.
Preloading 0 native plugins for Editor in 0.00 ms.
Mono: successfully reloaded assembly
- Completed reload, in  1.136 seconds
Platform modules already initialized, skipping
Shader 'Universal Render Pipeline/Particles/Lit': fallback shader 'Universal Render Pipeline/Particles/SimpleLit' not found
Refreshing native plugins compatible for Editor in 0.55 ms, found 1 plugins.
Preloading 0 native plugins for Editor in 0.00 ms.
Unloading 2854 Unused Serialized files (Serialized files now loaded: 0)
System memory in use before: 123.9 MB.
System memory in use after: 124.0 MB.

Unloading 13 unused Assets to reduce memory usage. Loaded Objects now: 3425.
Total: 4.964200 ms (FindLiveObjects: 0.626400 ms CreateObjectMapping: 0.348000 ms MarkObjects: 3.759200 ms  DeleteObjects: 0.229400 ms)

========================================================================
Received Prepare
Registering precompiled user dll's ...
Registered in 0.001852 seconds.
Begin MonoManager ReloadAssembly
Native extension for WindowsStandalone target not found
Native extension for WebGL target not found
Refreshing native plugins compatible for Editor in 0.84 ms, found 1 plugins.
Preloading 0 native plugins for Editor in 0.00 ms.
Mono: successfully reloaded assembly
- Completed reload, in  1.211 seconds
Platform modules already initialized, skipping
Shader 'Universal Render Pipeline/Particles/Lit': fallback shader 'Universal Render Pipeline/Particles/SimpleLit' not found
Refreshing native plugins compatible for Editor in 0.55 ms, found 1 plugins.
Preloading 0 native plugins for Editor in 0.00 ms.
Unloading 2854 Unused Serialized files (Serialized files now loaded: 0)
System memory in use before: 123.9 MB.
System memory in use after: 124.0 MB.

Unloading 13 unused Assets to reduce memory usage. Loaded Objects now: 3429.
Total: 4.080200 ms (FindLiveObjects: 0.366300 ms CreateObjectMapping: 0.193000 ms MarkObjects: 3.346600 ms  DeleteObjects: 0.173300 ms)

========================================================================
Received Import Request.
  Time since last request: 156.445821 seconds.
  path: Assets/Scripts/ScriptableObjects/Spawns.cs
  artifactKey: Guid(06a24b46a3495fb41ab143e4a1dd874a) Importer(815301076,1909f56bfc062723c751e8b465ee728b)
Start importing Assets/Scripts/ScriptableObjects/Spawns.cs using Guid(06a24b46a3495fb41ab143e4a1dd874a) Importer(815301076,1909f56bfc062723c751e8b465ee728b)  -> (artifact id: '2f1ce2f519cf9c1a4543dc6fed193ffc') in 0.018229 seconds
  Import took 0.063126 seconds .

========================================================================
Received Prepare
Registering precompiled user dll's ...
Registered in 0.002223 seconds.
Begin MonoManager ReloadAssembly
Native extension for WindowsStandalone target not found
Native extension for WebGL target not found
Refreshing native plugins compatible for Editor in 0.62 ms, found 1 plugins.
Preloading 0 native plugins for Editor in 0.00 ms.
Mono: successfully reloaded assembly
- Completed reload, in  1.280 seconds
Platform modules already initialized, skipping
Shader 'Universal Render Pipeline/Particles/Lit': fallback shader 'Universal Render Pipeline/Particles/SimpleLit' not found
Refreshing native plugins compatible for Editor in 0.54 ms, found 1 plugins.
Preloading 0 native plugins for Editor in 0.00 ms.
Unloading 2855 Unused Serialized files (Serialized files now loaded: 0)
System memory in use before: 124.0 MB.
System memory in use after: 124.1 MB.

Unloading 13 unused Assets to reduce memory usage. Loaded Objects now: 3434.
Total: 3.584500 ms (FindLiveObjects: 0.469700 ms CreateObjectMapping: 0.310800 ms MarkObjects: 2.630400 ms  DeleteObjects: 0.172600 ms)

========================================================================
Received Prepare
Registering precompiled user dll's ...
Registered in 0.003667 seconds.
Begin MonoManager ReloadAssembly
Native extension for WindowsStandalone target not found
Native extension for WebGL target not found
Refreshing native plugins compatible for Editor in 0.56 ms, found 1 plugins.
Preloading 0 native plugins for Editor in 0.00 ms.
Mono: successfully reloaded assembly
- Completed reload, in  1.222 seconds
Platform modules already initialized, skipping
Shader 'Universal Render Pipeline/Particles/Lit': fallback shader 'Universal Render Pipeline/Particles/SimpleLit' not found
Refreshing native plugins compatible for Editor in 0.56 ms, found 1 plugins.
Preloading 0 native plugins for Editor in 0.00 ms.
Unloading 2855 Unused Serialized files (Serialized files now loaded: 0)
System memory in use before: 124.0 MB.
System memory in use after: 124.1 MB.

Unloading 13 unused Assets to reduce memory usage. Loaded Objects now: 3438.
Total: 3.514600 ms (FindLiveObjects: 0.505400 ms CreateObjectMapping: 0.299100 ms MarkObjects: 2.572700 ms  DeleteObjects: 0.136200 ms)

========================================================================
Received Import Request.
  Time since last request: 73.452964 seconds.
  path: Assets/Scripts/ScriptableObjects/Hazards.cs
  artifactKey: Guid(8aa7ddf7a8a35ef4cb42f6f9b8aea134) Importer(815301076,1909f56bfc062723c751e8b465ee728b)
Start importing Assets/Scripts/ScriptableObjects/Hazards.cs using Guid(8aa7ddf7a8a35ef4cb42f6f9b8aea134) Importer(815301076,1909f56bfc062723c751e8b465ee728b)  -> (artifact id: 'f88c08e75bde4fba0dfcf5b82c074c8f') in 0.014697 seconds
  Import took 0.028885 seconds .

========================================================================
Received Prepare
Registering precompiled user dll's ...
Registered in 0.001955 seconds.
Begin MonoManager ReloadAssembly
Native extension for WindowsStandalone target not found
Native extension for WebGL target not found
Refreshing native plugins compatible for Editor in 0.51 ms, found 1 plugins.
Preloading 0 native plugins for Editor in 0.00 ms.
Mono: successfully reloaded assembly
- Completed reload, in  1.277 seconds
Platform modules already initialized, skipping
Shader 'Universal Render Pipeline/Particles/Lit': fallback shader 'Universal Render Pipeline/Particles/SimpleLit' not found
Refreshing native plugins compatible for Editor in 0.55 ms, found 1 plugins.
Preloading 0 native plugins for Editor in 0.00 ms.
Unloading 2856 Unused Serialized files (Serialized files now loaded: 0)
System memory in use before: 124.0 MB.
System memory in use after: 124.1 MB.

Unloading 13 unused Assets to reduce memory usage. Loaded Objects now: 3443.
Total: 3.752500 ms (FindLiveObjects: 0.377400 ms CreateObjectMapping: 0.214300 ms MarkObjects: 2.965900 ms  DeleteObjects: 0.193900 ms)

========================================================================
Received Prepare
Registering precompiled user dll's ...
Registered in 0.003550 seconds.
Begin MonoManager ReloadAssembly
Native extension for WindowsStandalone target not found
Native extension for WebGL target not found
Refreshing native plugins compatible for Editor in 0.67 ms, found 1 plugins.
Preloading 0 native plugins for Editor in 0.00 ms.
Mono: successfully reloaded assembly
- Completed reload, in  1.170 seconds
Platform modules already initialized, skipping
Shader 'Universal Render Pipeline/Particles/Lit': fallback shader 'Universal Render Pipeline/Particles/SimpleLit' not found
Refreshing native plugins compatible for Editor in 0.54 ms, found 1 plugins.
Preloading 0 native plugins for Editor in 0.00 ms.
Unloading 2856 Unused Serialized files (Serialized files now loaded: 0)
System memory in use before: 124.0 MB.
System memory in use after: 124.1 MB.

Unloading 13 unused Assets to reduce memory usage. Loaded Objects now: 3447.
Total: 3.798500 ms (FindLiveObjects: 0.848700 ms CreateObjectMapping: 0.227100 ms MarkObjects: 2.516700 ms  DeleteObjects: 0.203800 ms)

========================================================================
Received Import Request.
  Time since last request: 52.215184 seconds.
  path: Assets/Scripts/ScriptableObjects/Hazards.cs
  artifactKey: Guid(8aa7ddf7a8a35ef4cb42f6f9b8aea134) Importer(815301076,1909f56bfc062723c751e8b465ee728b)
Start importing Assets/Scripts/ScriptableObjects/Hazards.cs using Guid(8aa7ddf7a8a35ef4cb42f6f9b8aea134) Importer(815301076,1909f56bfc062723c751e8b465ee728b)  -> (artifact id: '34f0713805e133d74d7a3ad73ebf5bdd') in 0.006540 seconds
  Import took 0.052338 seconds .

========================================================================
Received Prepare
Registering precompiled user dll's ...
Registered in 0.001998 seconds.
Begin MonoManager ReloadAssembly
Native extension for WindowsStandalone target not found
Native extension for WebGL target not found
Refreshing native plugins compatible for Editor in 0.54 ms, found 1 plugins.
Preloading 0 native plugins for Editor in 0.00 ms.
Mono: successfully reloaded assembly
- Completed reload, in  1.162 seconds
Platform modules already initialized, skipping
Shader 'Universal Render Pipeline/Particles/Lit': fallback shader 'Universal Render Pipeline/Particles/SimpleLit' not found
Refreshing native plugins compatible for Editor in 0.58 ms, found 1 plugins.
Preloading 0 native plugins for Editor in 0.00 ms.
Unloading 2856 Unused Serialized files (Serialized files now loaded: 0)
System memory in use before: 124.0 MB.
System memory in use after: 124.1 MB.

Unloading 13 unused Assets to reduce memory usage. Loaded Objects now: 3451.
Total: 3.514800 ms (FindLiveObjects: 0.389700 ms CreateObjectMapping: 0.179500 ms MarkObjects: 2.756700 ms  DeleteObjects: 0.188100 ms)

========================================================================
Received Import Request.
  Time since last request: 183.051458 seconds.
  path: Assets/Data
  artifactKey: Guid(a4762416299205548b2529d4669d56cd) Importer(815301076,1909f56bfc062723c751e8b465ee728b)
Start importing Assets/Data using Guid(a4762416299205548b2529d4669d56cd) Importer(815301076,1909f56bfc062723c751e8b465ee728b)  -> (artifact id: 'b6496676e4b6de9d91becf0f2cc0b869') in 0.016178 seconds
  Import took 0.461050 seconds .

========================================================================
Received Import Request.
  Time since last request: 5.049038 seconds.
  path: Assets/Data/Spawns
  artifactKey: Guid(2ab9678f45274654fb59d0042029316b) Importer(815301076,1909f56bfc062723c751e8b465ee728b)
Start importing Assets/Data/Spawns using Guid(2ab9678f45274654fb59d0042029316b) Importer(815301076,1909f56bfc062723c751e8b465ee728b)  -> (artifact id: '4f31a418a2ef5a171bd3b3d62453081e') in 0.004556 seconds
  Import took 0.016823 seconds .

========================================================================
Received Import Request.
  Time since last request: 12.731824 seconds.
  path: Assets/Data/Spawns/CrankStinger.asset
  artifactKey: Guid(6d90dbbf9a8f3b949a19599ef09fee90) Importer(815301076,1909f56bfc062723c751e8b465ee728b)
Start importing Assets/Data/Spawns/CrankStinger.asset using Guid(6d90dbbf9a8f3b949a19599ef09fee90) Importer(815301076,1909f56bfc062723c751e8b465ee728b)  -> (artifact id: 'a35e9d354024bbe88bddc0198d68ee8c') in 0.027473 seconds
  Import took 0.041381 seconds .

========================================================================
Received Import Request.
  Time since last request: 9.440218 seconds.
  path: Assets/Data/Spawns/AngelCog.asset
  artifactKey: Guid(f14a312d69448e949a941581d86483cd) Importer(815301076,1909f56bfc062723c751e8b465ee728b)
Start importing Assets/Data/Spawns/AngelCog.asset using Guid(f14a312d69448e949a941581d86483cd) Importer(815301076,1909f56bfc062723c751e8b465ee728b)  -> (artifact id: '46b0e6e7f97f7b6b8fb66889c94eb8f4') in 0.010624 seconds
  Import took 0.025519 seconds .

========================================================================
Received Import Request.
  Time since last request: 8.303588 seconds.
  path: Assets/Data/Spawns/BlimpCog.asset
  artifactKey: Guid(5c2047cea0ea5d24aa6d0e663c6c7b72) Importer(815301076,1909f56bfc062723c751e8b465ee728b)
Start importing Assets/Data/Spawns/BlimpCog.asset using Guid(5c2047cea0ea5d24aa6d0e663c6c7b72) Importer(815301076,1909f56bfc062723c751e8b465ee728b)  -> (artifact id: '9da5cc7b775f50dcc0c7bc28faf3a152') in 0.012264 seconds
  Import took 0.025127 seconds .

========================================================================
Received Import Request.
  Time since last request: 0.003659 seconds.
  path: Assets/Data/Spawns/BlimpCog.asset
  artifactKey: Guid(5c2047cea0ea5d24aa6d0e663c6c7b72) Importer(815301076,1909f56bfc062723c751e8b465ee728b)
Start importing Assets/Data/Spawns/BlimpCog.asset using Guid(5c2047cea0ea5d24aa6d0e663c6c7b72) Importer(815301076,1909f56bfc062723c751e8b465ee728b)  -> (artifact id: '9da5cc7b775f50dcc0c7bc28faf3a152') in 0.006517 seconds
  Import took 0.013137 seconds .

========================================================================
Received Import Request.
  Time since last request: 50.858700 seconds.
  path: Assets/Data/Spawns/CrankStinger.asset
  artifactKey: Guid(6d90dbbf9a8f3b949a19599ef09fee90) Importer(815301076,1909f56bfc062723c751e8b465ee728b)
Start importing Assets/Data/Spawns/CrankStinger.asset using Guid(6d90dbbf9a8f3b949a19599ef09fee90) Importer(815301076,1909f56bfc062723c751e8b465ee728b)  -> (artifact id: '7239d1450b8dfd52dff68e5d562d527e') in 0.004957 seconds
  Import took 0.022682 seconds .

========================================================================
Received Import Request.
  Time since last request: 0.007909 seconds.
  path: Assets/Data/Spawns/AngelCog.asset
  artifactKey: Guid(f14a312d69448e949a941581d86483cd) Importer(815301076,1909f56bfc062723c751e8b465ee728b)
Start importing Assets/Data/Spawns/AngelCog.asset using Guid(f14a312d69448e949a941581d86483cd) Importer(815301076,1909f56bfc062723c751e8b465ee728b)  -> (artifact id: '376ba679324e922c69a9df170b184b33') in 0.004658 seconds
  Import took 0.018825 seconds .

========================================================================
Received Import Request.
  Time since last request: 0.000327 seconds.
  path: Assets/Data/Spawns/BlimpCog.asset
  artifactKey: Guid(5c2047cea0ea5d24aa6d0e663c6c7b72) Importer(815301076,1909f56bfc062723c751e8b465ee728b)
Start importing Assets/Data/Spawns/BlimpCog.asset using Guid(5c2047cea0ea5d24aa6d0e663c6c7b72) Importer(815301076,1909f56bfc062723c751e8b465ee728b)  -> (artifact id: 'b37436b9258b6a3829f4163267a2de36') in 0.004250 seconds
  Import took 0.018407 seconds .

========================================================================
Received Import Request.
  Time since last request: 26.253997 seconds.
  path: Assets/Data/Spawns/CrankStinger.asset
  artifactKey: Guid(6d90dbbf9a8f3b949a19599ef09fee90) Importer(815301076,1909f56bfc062723c751e8b465ee728b)
Start importing Assets/Data/Spawns/CrankStinger.asset using Guid(6d90dbbf9a8f3b949a19599ef09fee90) Importer(815301076,1909f56bfc062723c751e8b465ee728b)  -> (artifact id: '3f342b060bcb87c395bee1a13f2d2bb6') in 0.025247 seconds
  Import took 0.040903 seconds .

========================================================================
Received Prepare
Registering precompiled user dll's ...
Registered in 0.002995 seconds.
Begin MonoManager ReloadAssembly
Native extension for WindowsStandalone target not found
Native extension for WebGL target not found
Refreshing native plugins compatible for Editor in 0.54 ms, found 1 plugins.
Preloading 0 native plugins for Editor in 0.00 ms.
Mono: successfully reloaded assembly
- Completed reload, in  1.313 seconds
Platform modules already initialized, skipping
Shader 'Universal Render Pipeline/Particles/Lit': fallback shader 'Universal Render Pipeline/Particles/SimpleLit' not found
Refreshing native plugins compatible for Editor in 0.97 ms, found 1 plugins.
Preloading 0 native plugins for Editor in 0.00 ms.
Unloading 2856 Unused Serialized files (Serialized files now loaded: 0)
System memory in use before: 124.0 MB.
System memory in use after: 124.1 MB.

Unloading 13 unused Assets to reduce memory usage. Loaded Objects now: 3455.
Total: 3.533400 ms (FindLiveObjects: 0.381000 ms CreateObjectMapping: 0.156900 ms MarkObjects: 2.814900 ms  DeleteObjects: 0.179200 ms)

========================================================================
Received Import Request.
  Time since last request: 1825.820607 seconds.
  path: Assets/Scripts/Systems/ObjectPooler.cs
  artifactKey: Guid(3f083d0d27522d4438f154162af206cf) Importer(815301076,1909f56bfc062723c751e8b465ee728b)
Start importing Assets/Scripts/Systems/ObjectPooler.cs using Guid(3f083d0d27522d4438f154162af206cf) Importer(815301076,1909f56bfc062723c751e8b465ee728b)  -> (artifact id: '4f10d3644198b0bafb4f6ee57a30384b') in 0.016971 seconds
  Import took 0.022699 seconds .

========================================================================
Received Import Request.
  Time since last request: 151.667085 seconds.
  path: Assets/Data/Spawns/AngelCog.asset
  artifactKey: Guid(f14a312d69448e949a941581d86483cd) Importer(815301076,1909f56bfc062723c751e8b465ee728b)
Start importing Assets/Data/Spawns/AngelCog.asset using Guid(f14a312d69448e949a941581d86483cd) Importer(815301076,1909f56bfc062723c751e8b465ee728b)  -> (artifact id: 'd5244042281cf1e990dc0b509762178d') in 0.026699 seconds
  Import took 0.047032 seconds .

========================================================================
Received Import Request.
  Time since last request: 0.000455 seconds.
  path: Assets/Data/Spawns/BlimpCog.asset
  artifactKey: Guid(5c2047cea0ea5d24aa6d0e663c6c7b72) Importer(815301076,1909f56bfc062723c751e8b465ee728b)
Start importing Assets/Data/Spawns/BlimpCog.asset using Guid(5c2047cea0ea5d24aa6d0e663c6c7b72) Importer(815301076,1909f56bfc062723c751e8b465ee728b)  -> (artifact id: '1417d1c4bcde24d5c9ba1320e67bc8dc') in 0.016306 seconds
  Import took 0.029503 seconds .

========================================================================
Received Prepare
Registering precompiled user dll's ...
Registered in 0.002167 seconds.
Begin MonoManager ReloadAssembly
Native extension for WindowsStandalone target not found
Native extension for WebGL target not found
Refreshing native plugins compatible for Editor in 0.59 ms, found 1 plugins.
Preloading 0 native plugins for Editor in 0.00 ms.
Mono: successfully reloaded assembly
- Completed reload, in  1.206 seconds
Platform modules already initialized, skipping
Shader 'Universal Render Pipeline/Particles/Lit': fallback shader 'Universal Render Pipeline/Particles/SimpleLit' not found
Refreshing native plugins compatible for Editor in 0.62 ms, found 1 plugins.
Preloading 0 native plugins for Editor in 0.00 ms.
Unloading 2856 Unused Serialized files (Serialized files now loaded: 0)
System memory in use before: 124.1 MB.
System memory in use after: 124.1 MB.

Unloading 13 unused Assets to reduce memory usage. Loaded Objects now: 3459.
Total: 3.394800 ms (FindLiveObjects: 0.459100 ms CreateObjectMapping: 0.203300 ms MarkObjects: 2.555200 ms  DeleteObjects: 0.175800 ms)

========================================================================
Received Prepare
Registering precompiled user dll's ...
Registered in 0.002439 seconds.
Begin MonoManager ReloadAssembly
Native extension for WindowsStandalone target not found
Native extension for WebGL target not found
Refreshing native plugins compatible for Editor in 0.56 ms, found 1 plugins.
Preloading 0 native plugins for Editor in 0.00 ms.
Mono: successfully reloaded assembly
- Completed reload, in  1.165 seconds
Platform modules already initialized, skipping
Shader 'Universal Render Pipeline/Particles/Lit': fallback shader 'Universal Render Pipeline/Particles/SimpleLit' not found
Refreshing native plugins compatible for Editor in 0.58 ms, found 1 plugins.
Preloading 0 native plugins for Editor in 0.00 ms.
Unloading 2856 Unused Serialized files (Serialized files now loaded: 0)
System memory in use before: 124.1 MB.
System memory in use after: 124.2 MB.

Unloading 13 unused Assets to reduce memory usage. Loaded Objects now: 3463.
Total: 3.839800 ms (FindLiveObjects: 0.463100 ms CreateObjectMapping: 0.239200 ms MarkObjects: 3.002600 ms  DeleteObjects: 0.134000 ms)

========================================================================
Received Import Request.
  Time since last request: 652.785244 seconds.
  path: Assets/Scripts/PlayerController.cs
  artifactKey: Guid(19bf94de595fcae4c8b2fac7dcb79548) Importer(815301076,1909f56bfc062723c751e8b465ee728b)
Start importing Assets/Scripts/PlayerController.cs using Guid(19bf94de595fcae4c8b2fac7dcb79548) Importer(815301076,1909f56bfc062723c751e8b465ee728b)  -> (artifact id: '14ff0513be26189d5f65176e8211ac35') in 0.012440 seconds
  Import took 0.083546 seconds .

========================================================================
Received Prepare
Registering precompiled user dll's ...
Registered in 0.001968 seconds.
Begin MonoManager ReloadAssembly
Native extension for WindowsStandalone target not found
Native extension for WebGL target not found
Refreshing native plugins compatible for Editor in 0.72 ms, found 1 plugins.
Preloading 0 native plugins for Editor in 0.00 ms.
Mono: successfully reloaded assembly
- Completed reload, in  1.344 seconds
Platform modules already initialized, skipping
Shader 'Universal Render Pipeline/Particles/Lit': fallback shader 'Universal Render Pipeline/Particles/SimpleLit' not found
Refreshing native plugins compatible for Editor in 0.77 ms, found 1 plugins.
Preloading 0 native plugins for Editor in 0.00 ms.
Unloading 2856 Unused Serialized files (Serialized files now loaded: 0)
System memory in use before: 124.1 MB.
System memory in use after: 124.2 MB.

Unloading 13 unused Assets to reduce memory usage. Loaded Objects now: 3467.
Total: 3.431500 ms (FindLiveObjects: 0.359100 ms CreateObjectMapping: 0.169600 ms MarkObjects: 2.725300 ms  DeleteObjects: 0.176700 ms)

========================================================================
Received Import Request.
  Time since last request: 1001.045931 seconds.
  path: Assets/Scripts/PlayerController.cs
  artifactKey: Guid(19bf94de595fcae4c8b2fac7dcb79548) Importer(815301076,1909f56bfc062723c751e8b465ee728b)
Start importing Assets/Scripts/PlayerController.cs using Guid(19bf94de595fcae4c8b2fac7dcb79548) Importer(815301076,1909f56bfc062723c751e8b465ee728b)  -> (artifact id: 'da7d3309b827cd76f3cfa97e1f7040ca') in 0.006985 seconds
  Import took 0.044892 seconds .

========================================================================
Received Import Request.
  Time since last request: 53.582934 seconds.
  path: ProjectSettings/TagManager.asset
  artifactKey: Guid(00000000000000003000000000000000) Importer(815301076,1909f56bfc062723c751e8b465ee728b)
Start importing ProjectSettings/TagManager.asset using Guid(00000000000000003000000000000000) Importer(815301076,1909f56bfc062723c751e8b465ee728b)  -> (artifact id: '26e645de9b6cf6d58ceaf54f09c92a2b') in 0.017677 seconds
  Import took 0.023353 seconds .

========================================================================
Received Import Request.
  Time since last request: 0.006399 seconds.
  path: ProjectSettings/TagManager.asset
  artifactKey: Guid(00000000000000003000000000000000) Importer(815301076,1909f56bfc062723c751e8b465ee728b)
Start importing ProjectSettings/TagManager.asset using Guid(00000000000000003000000000000000) Importer(815301076,1909f56bfc062723c751e8b465ee728b)  -> (artifact id: '26e645de9b6cf6d58ceaf54f09c92a2b') in 0.004203 seconds
  Import took 0.012497 seconds .

========================================================================
Received Prepare
Registering precompiled user dll's ...
Registered in 0.002281 seconds.
Begin MonoManager ReloadAssembly
Native extension for WindowsStandalone target not found
Native extension for WebGL target not found
Refreshing native plugins compatible for Editor in 0.63 ms, found 1 plugins.
Preloading 0 native plugins for Editor in 0.00 ms.
Mono: successfully reloaded assembly
- Completed reload, in  1.112 seconds
Platform modules already initialized, skipping
Shader 'Universal Render Pipeline/Particles/Lit': fallback shader 'Universal Render Pipeline/Particles/SimpleLit' not found
Refreshing native plugins compatible for Editor in 0.58 ms, found 1 plugins.
Preloading 0 native plugins for Editor in 0.00 ms.
Unloading 2856 Unused Serialized files (Serialized files now loaded: 0)
System memory in use before: 124.1 MB.
System memory in use after: 124.2 MB.

Unloading 15 unused Assets to reduce memory usage. Loaded Objects now: 3471.
Total: 3.504600 ms (FindLiveObjects: 0.407600 ms CreateObjectMapping: 0.260800 ms MarkObjects: 2.649600 ms  DeleteObjects: 0.185600 ms)

========================================================================
Received Import Request.
  Time since last request: 22.778597 seconds.
  path: Assets/Prefabs/AngelCog.prefab
  artifactKey: Guid(9a6fa8d58ea0ed74b83a5f101c6df71e) Importer(815301076,1909f56bfc062723c751e8b465ee728b)
Start importing Assets/Prefabs/AngelCog.prefab using Guid(9a6fa8d58ea0ed74b83a5f101c6df71e) Importer(815301076,1909f56bfc062723c751e8b465ee728b)  -> (artifact id: 'e5fd82382b685dca7a221757bbc3231c') in 0.282846 seconds
  Import took 0.297072 seconds .

========================================================================
Received Import Request.
  Time since last request: 4.229215 seconds.
  path: Assets/Prefabs/BlimpCog.prefab
  artifactKey: Guid(02a0bfe714d56c74bba144763d351aed) Importer(815301076,1909f56bfc062723c751e8b465ee728b)
Start importing Assets/Prefabs/BlimpCog.prefab using Guid(02a0bfe714d56c74bba144763d351aed) Importer(815301076,1909f56bfc062723c751e8b465ee728b)  -> (artifact id: 'cb42136257e7db8d0fd36ef56d0ebb82') in 0.034207 seconds
  Import took 0.051232 seconds .

========================================================================
Received Import Request.
  Time since last request: 3.644796 seconds.
  path: Assets/Prefabs/CrankStinger.prefab
  artifactKey: Guid(63f53eeeaa1c41742bf3aa35988ae64a) Importer(815301076,1909f56bfc062723c751e8b465ee728b)
Start importing Assets/Prefabs/CrankStinger.prefab using Guid(63f53eeeaa1c41742bf3aa35988ae64a) Importer(815301076,1909f56bfc062723c751e8b465ee728b)  -> (artifact id: '899545f3f416ca40d94526dca2c751b0') in 0.040667 seconds
  Import took 0.054543 seconds .

========================================================================
Received Prepare
Registering precompiled user dll's ...
Registered in 0.001944 seconds.
Begin MonoManager ReloadAssembly
Native extension for WindowsStandalone target not found
Native extension for WebGL target not found
Refreshing native plugins compatible for Editor in 0.96 ms, found 1 plugins.
Preloading 0 native plugins for Editor in 0.00 ms.
Mono: successfully reloaded assembly
- Completed reload, in  1.319 seconds
Platform modules already initialized, skipping
Shader 'Universal Render Pipeline/Particles/Lit': fallback shader 'Universal Render Pipeline/Particles/SimpleLit' not found
Refreshing native plugins compatible for Editor in 0.96 ms, found 1 plugins.
Preloading 0 native plugins for Editor in 0.00 ms.
Unloading 2856 Unused Serialized files (Serialized files now loaded: 0)
System memory in use before: 129.2 MB.
System memory in use after: 129.3 MB.

Unloading 13 unused Assets to reduce memory usage. Loaded Objects now: 3520.
Total: 5.558800 ms (FindLiveObjects: 0.470900 ms CreateObjectMapping: 0.210500 ms MarkObjects: 4.646400 ms  DeleteObjects: 0.229000 ms)

========================================================================
Received Import Request.
  Time since last request: 71.141703 seconds.
  path: Assets/Prefabs/AngelCog.prefab
  artifactKey: Guid(9a6fa8d58ea0ed74b83a5f101c6df71e) Importer(815301076,1909f56bfc062723c751e8b465ee728b)
Start importing Assets/Prefabs/AngelCog.prefab using Guid(9a6fa8d58ea0ed74b83a5f101c6df71e) Importer(815301076,1909f56bfc062723c751e8b465ee728b)  -> (artifact id: '1465ddf1a3fcc8b6fc258e32a3d7b24c') in 0.238466 seconds
  Import took 0.247124 seconds .

========================================================================
Received Import Request.
  Time since last request: 2.258995 seconds.
  path: Assets/Prefabs/BlimpCog.prefab
  artifactKey: Guid(02a0bfe714d56c74bba144763d351aed) Importer(815301076,1909f56bfc062723c751e8b465ee728b)
Start importing Assets/Prefabs/BlimpCog.prefab using Guid(02a0bfe714d56c74bba144763d351aed) Importer(815301076,1909f56bfc062723c751e8b465ee728b)  -> (artifact id: '7bd998f7086f6e7f90022be5d71617c2') in 0.022311 seconds
  Import took 0.036702 seconds .

========================================================================
Received Import Request.
  Time since last request: 0.009449 seconds.
  path: Assets/Prefabs/BlimpCog.prefab
  artifactKey: Guid(02a0bfe714d56c74bba144763d351aed) Importer(815301076,1909f56bfc062723c751e8b465ee728b)
Start importing Assets/Prefabs/BlimpCog.prefab using Guid(02a0bfe714d56c74bba144763d351aed) Importer(815301076,1909f56bfc062723c751e8b465ee728b)  -> (artifact id: '7bd998f7086f6e7f90022be5d71617c2') in 0.023521 seconds
  Import took 0.030631 seconds .

========================================================================
Received Prepare
Registering precompiled user dll's ...
Registered in 0.001860 seconds.
Begin MonoManager ReloadAssembly
Native extension for WindowsStandalone target not found
Native extension for WebGL target not found
Refreshing native plugins compatible for Editor in 0.54 ms, found 1 plugins.
Preloading 0 native plugins for Editor in 0.00 ms.
Mono: successfully reloaded assembly
- Completed reload, in  1.218 seconds
Platform modules already initialized, skipping
Shader 'Universal Render Pipeline/Particles/Lit': fallback shader 'Universal Render Pipeline/Particles/SimpleLit' not found
Refreshing native plugins compatible for Editor in 0.88 ms, found 1 plugins.
Preloading 0 native plugins for Editor in 0.00 ms.
Unloading 2856 Unused Serialized files (Serialized files now loaded: 0)
System memory in use before: 129.3 MB.
System memory in use after: 129.4 MB.

Unloading 13 unused Assets to reduce memory usage. Loaded Objects now: 3560.
Total: 3.589600 ms (FindLiveObjects: 0.520500 ms CreateObjectMapping: 0.168400 ms MarkObjects: 2.711000 ms  DeleteObjects: 0.188800 ms)

========================================================================
Received Prepare
Registering precompiled user dll's ...
Registered in 0.002041 seconds.
Begin MonoManager ReloadAssembly
Native extension for WindowsStandalone target not found
Native extension for WebGL target not found
Refreshing native plugins compatible for Editor in 0.66 ms, found 1 plugins.
Preloading 0 native plugins for Editor in 0.00 ms.
Mono: successfully reloaded assembly
- Completed reload, in  1.227 seconds
Platform modules already initialized, skipping
Shader 'Universal Render Pipeline/Particles/Lit': fallback shader 'Universal Render Pipeline/Particles/SimpleLit' not found
Refreshing native plugins compatible for Editor in 0.56 ms, found 1 plugins.
Preloading 0 native plugins for Editor in 0.00 ms.
Unloading 2856 Unused Serialized files (Serialized files now loaded: 0)
System memory in use before: 129.3 MB.
System memory in use after: 129.4 MB.

Unloading 13 unused Assets to reduce memory usage. Loaded Objects now: 3564.
Total: 3.643400 ms (FindLiveObjects: 0.450800 ms CreateObjectMapping: 0.179100 ms MarkObjects: 2.809100 ms  DeleteObjects: 0.203600 ms)

========================================================================
Received Prepare
Registering precompiled user dll's ...
Registered in 0.002913 seconds.
Begin MonoManager ReloadAssembly
Native extension for WindowsStandalone target not found
Native extension for WebGL target not found
Refreshing native plugins compatible for Editor in 0.68 ms, found 1 plugins.
Preloading 0 native plugins for Editor in 0.00 ms.
Mono: successfully reloaded assembly
- Completed reload, in  1.263 seconds
Platform modules already initialized, skipping
Shader 'Universal Render Pipeline/Particles/Lit': fallback shader 'Universal Render Pipeline/Particles/SimpleLit' not found
Refreshing native plugins compatible for Editor in 0.60 ms, found 1 plugins.
Preloading 0 native plugins for Editor in 0.00 ms.
Unloading 2856 Unused Serialized files (Serialized files now loaded: 0)
System memory in use before: 129.3 MB.
System memory in use after: 129.4 MB.

Unloading 13 unused Assets to reduce memory usage. Loaded Objects now: 3568.
Total: 3.679600 ms (FindLiveObjects: 0.602500 ms CreateObjectMapping: 0.234800 ms MarkObjects: 2.678100 ms  DeleteObjects: 0.163000 ms)

========================================================================
Received Import Request.
  Time since last request: 227.401172 seconds.
  path: Assets/Scenes/Gameplay1.unity
  artifactKey: Guid(bbea01a74a7f8f44ebd1289df337b53f) Importer(815301076,1909f56bfc062723c751e8b465ee728b)
Start importing Assets/Scenes/Gameplay1.unity using Guid(bbea01a74a7f8f44ebd1289df337b53f) Importer(815301076,1909f56bfc062723c751e8b465ee728b)  -> (artifact id: 'bdc0b05fc54fa8a4aece943909dd0068') in 0.026667 seconds
  Import took 0.066977 seconds .

========================================================================
Received Import Request.
  Time since last request: 29.985317 seconds.
  path: Assets/Scripts/MoveLeft.cs
  artifactKey: Guid(62e3a5aa5e5e5d24482b39db1e833d0e) Importer(815301076,1909f56bfc062723c751e8b465ee728b)
Start importing Assets/Scripts/MoveLeft.cs using Guid(62e3a5aa5e5e5d24482b39db1e833d0e) Importer(815301076,1909f56bfc062723c751e8b465ee728b)  -> (artifact id: '5d216cad5ba1447922ace42464fe7029') in 0.010680 seconds
  Import took 0.054747 seconds .

========================================================================
Received Prepare
Registering precompiled user dll's ...
Registered in 0.001985 seconds.
Begin MonoManager ReloadAssembly
Native extension for WindowsStandalone target not found
Native extension for WebGL target not found
Refreshing native plugins compatible for Editor in 0.68 ms, found 1 plugins.
Preloading 0 native plugins for Editor in 0.00 ms.
Mono: successfully reloaded assembly
- Completed reload, in  1.217 seconds
Platform modules already initialized, skipping
Shader 'Universal Render Pipeline/Particles/Lit': fallback shader 'Universal Render Pipeline/Particles/SimpleLit' not found
Refreshing native plugins compatible for Editor in 0.63 ms, found 1 plugins.
Preloading 0 native plugins for Editor in 0.00 ms.
Unloading 2856 Unused Serialized files (Serialized files now loaded: 0)
System memory in use before: 129.3 MB.
System memory in use after: 129.4 MB.

Unloading 13 unused Assets to reduce memory usage. Loaded Objects now: 3572.
Total: 3.468200 ms (FindLiveObjects: 0.446200 ms CreateObjectMapping: 0.163900 ms MarkObjects: 2.648300 ms  DeleteObjects: 0.208800 ms)

========================================================================
Received Import Request.
  Time since last request: 29.427754 seconds.
  path: Assets/Scripts/MoveLeft.cs
  artifactKey: Guid(62e3a5aa5e5e5d24482b39db1e833d0e) Importer(815301076,1909f56bfc062723c751e8b465ee728b)
Start importing Assets/Scripts/MoveLeft.cs using Guid(62e3a5aa5e5e5d24482b39db1e833d0e) Importer(815301076,1909f56bfc062723c751e8b465ee728b)  -> (artifact id: '0dc8ab6bbdec5a51635527c635b46328') in 0.007059 seconds
  Import took 0.012656 seconds .

AssetImportWorkerClient::OnTransportError - code=2 error=End of file
